timestamp: 2014-08-27T16:21:59.262000
CREATE TABLE auth_user(
    id INTEGER PRIMARY KEY AUTOINCREMENT,
    first_name CHAR(128),
    last_name CHAR(128),
    email CHAR(512),
    password CHAR(512),
    registration_key CHAR(512),
    reset_password_key CHAR(512),
    registration_id CHAR(512)
);
success!
timestamp: 2014-08-27T16:21:59.327000
CREATE TABLE auth_group(
    id INTEGER PRIMARY KEY AUTOINCREMENT,
    role CHAR(512),
    description TEXT
);
success!
timestamp: 2014-08-27T16:21:59.345000
CREATE TABLE auth_membership(
    id INTEGER PRIMARY KEY AUTOINCREMENT,
    user_id INTEGER REFERENCES auth_user (id) ON DELETE CASCADE,
    group_id INTEGER REFERENCES auth_group (id) ON DELETE CASCADE
);
success!
timestamp: 2014-08-27T16:21:59.368000
CREATE TABLE auth_permission(
    id INTEGER PRIMARY KEY AUTOINCREMENT,
    group_id INTEGER REFERENCES auth_group (id) ON DELETE CASCADE,
    name CHAR(512),
    table_name CHAR(512),
    record_id INTEGER
);
success!
timestamp: 2014-08-27T16:21:59.393000
CREATE TABLE auth_event(
    id INTEGER PRIMARY KEY AUTOINCREMENT,
    time_stamp TIMESTAMP,
    client_ip CHAR(512),
    user_id INTEGER REFERENCES auth_user (id) ON DELETE CASCADE,
    origin CHAR(512),
    description TEXT
);
success!
timestamp: 2014-08-27T16:21:59.415000
CREATE TABLE auth_cas(
    id INTEGER PRIMARY KEY AUTOINCREMENT,
    user_id INTEGER REFERENCES auth_user (id) ON DELETE CASCADE,
    created_on TIMESTAMP,
    service CHAR(512),
    ticket CHAR(512),
    renew CHAR(1)
);
success!
timestamp: 2015-09-07T12:36:09.462616
CREATE TABLE material(
    id INTEGER PRIMARY KEY AUTOINCREMENT
);
success!
timestamp: 2015-09-07T12:36:09.524689
CREATE TABLE item_class(
    id INTEGER PRIMARY KEY AUTOINCREMENT
);
success!
timestamp: 2015-09-07T12:36:09.608926
CREATE TABLE item(
    id INTEGER PRIMARY KEY AUTOINCREMENT,
    cod CHAR(512),
    iclass INTEGER REFERENCES item_class (id) ON DELETE CASCADE,
    title CHAR(512),
    description CHAR(512),
    weight DOUBLE,
    material_id INTEGER REFERENCES material (id) ON DELETE CASCADE,
    prj_parameters CHAR(512),
    project CHAR(512),
    prices CHAR(512)
);
success!
success!
success!
success!
success!
success!
timestamp: 2016-09-29T09:51:16.598966
CREATE TABLE contatore(
    id INTEGER PRIMARY KEY AUTOINCREMENT,
    visite INTEGER
);
success!
timestamp: 2016-09-29T10:12:40.040329
ALTER TABLE contatore ADD giorno DATE;
success!
